Mon Jan 9 11:49:50 EET 2023
Mon Jan 16 10:25:00 EET 2023
Thu Jan 26 14:20:20 EET 2023
Thu Feb 2 13:48:40 EET 2023
Tue Feb 7 11:55:45 EET 2023
Mon Feb 20 08:56:38 EET 2023
Mon Mar 6 21:21:07 EET 2023
Mon Mar 13 10:09:59 EET 2023
Thu Mar 23 19:24:38 EET 2023
Thu Apr 6 12:33:25 EEST 2023
Thu Apr 13 18:47:39 EEST 2023
Fri Apr 28 10:55:14 EEST 2023
Tue Jul 18 09:41:57 EEST 2023
Tue Oct 3 15:04:40 EEST 2023
Tue Oct 17 10:21:16 EEST 2023
Thu 19 Oct 12:29:26 EEST 2023
C  okt 19 12:33:20 EEST 2023
C  okt 19 12:48:22 EEST 2023
Thu 19 Oct 12:55:29 EEST 2023
Thu 19 Oct 18:16:31 EEST 2023
Tue 14 Nov 16:30:24 EET 2023
Wed 22 Nov 13:02:06 EET 2023
Mon Dec 4 09:02:20 EET 2023
T  dec 6 10:22:42 EET 2023
Wed 6 Dec 10:26:13 EET 2023
Wed 6 Dec 11:16:08 EET 2023
Wed 6 Dec 11:24:54 EET 2023
Mon Jan 8 14:38:45 EET 2024
Fri Jun 21 15:13:59 EEST 2024
